<?xml version="1.0" encoding="UTF-8"?>
<testsuite xmlns:xsi="http://www.w3.org/2001/XMLSchema-instance" xsi:noNamespaceSchemaLocation="https://maven.apache.org/surefire/maven-surefire-plugin/xsd/surefire-test-report-3.0.xsd" version="3.0" name="cl.kibernumacademy.biblioteca.RunCucumberTest" time="18.457" tests="5" errors="4" skipped="0" failures="0">
  <properties>
[...]
</properties>
  <testcase name="Login exitoso" classname="Login de bibliotecario" time="12.787">
    <system-out><![CDATA[
@login
Scenario: Login exitoso                              &amp#27;[90m# features/login.feature:3&amp#27;[0m
  &amp#27;[32mGiven &amp#27;[0m&amp#27;[32mque el bibliotecario abre la pÃ¡gina de login&amp#27;[0m &amp#27;[90m# cl.kibernumacademy.biblioteca.steps.LoginSteps.que_el_bibliotecario_abre_la_pÃ¡gina_de_login()&amp#27;[0m
  &amp#27;[32mWhen &amp#27;[0m&amp#27;[32mingresa credenciales vÃ¡lidas&amp#27;[0m                  &amp#27;[90m# cl.kibernumacademy.biblioteca.steps.LoginSteps.ingresa_credenciales_vÃ¡lidas()&amp#27;[0m
  &amp#27;[32mThen &amp#27;[0m&amp#27;[32maccede al registro de prÃ©stamo&amp#27;[0m                &amp#27;[90m# cl.kibernumacademy.biblioteca.steps.LoginSteps.accede_al_registro_de_prÃ©stamo()&amp#27;[0m
]]></system-out>
    <system-err><![CDATA[SLF4J(W): No SLF4J providers were found.
SLF4J(W): Defaulting to no-operation (NOP) logger implementation
SLF4J(W): See https://www.slf4j.org/codes.html#noProviders for further details.
ago 05, 2025 9:19:44 P. M. org.openqa.selenium.devtools.CdpVersionFinder findNearestMatch
ADVERTENCIA: Unable to find CDP implementation matching 137
ago 05, 2025 9:19:44 P. M. org.openqa.selenium.chromium.ChromiumDriver lambda$new$5
ADVERTENCIA: Unable to find version of CDP to use for 137.0.7151.120. You may need to include a dependency on a specific version of the CDP using something similar to `org.seleniumhq.selenium:selenium-devtools-v86:4.11.0` where the version ("v86") matches the version of the chromium-based browser you're using and the version number of the artifact is the same as Selenium's.
]]></system-err>
  </testcase>
  <testcase name="Login fallido" classname="Login de bibliotecario" time="1.687">
    <error type="java.lang.NullPointerException"><![CDATA[java.lang.NullPointerException: Cannot invoke "java.lang.CharSequence.toString()" because "s" is null
]]></error>
    <system-out><![CDATA[
@login
Scenario: Login fallido                              &amp#27;[90m# features/login.feature:7&amp#27;[0m
  &amp#27;[32mGiven &amp#27;[0m&amp#27;[32mque el bibliotecario abre la pÃ¡gina de login&amp#27;[0m &amp#27;[90m# cl.kibernumacademy.biblioteca.steps.LoginSteps.que_el_bibliotecario_abre_la_pÃ¡gina_de_login()&amp#27;[0m
  &amp#27;[32mWhen &amp#27;[0m&amp#27;[32mingresa credenciales invÃ¡lidas&amp#27;[0m                &amp#27;[90m# cl.kibernumacademy.biblioteca.steps.LoginSteps.ingresa_credenciales_invÃ¡lidas()&amp#27;[0m
  &amp#27;[31mThen &amp#27;[0m&amp#27;[31mve un mensaje de error de login&amp#27;[0m               &amp#27;[90m# cl.kibernumacademy.biblioteca.steps.LoginSteps.ve_un_mensaje_de_error_de_login()&amp#27;[0m
      &amp#27;[31mjava.lang.NullPointerException: Cannot invoke "java.lang.CharSequence.toString()" because "s" is null
	at java.base/java.lang.String.contains(String.java:2856)
	at cl.kibernumacademy.biblioteca.steps.LoginSteps.ve_un_mensaje_de_error_de_login(LoginSteps.java:44)
	at âœ½.ve un mensaje de error de login(classpath:features/login.feature:10)
&amp#27;[0m

    Embedding Login fallido [image/png 27123 bytes]

]]></system-out>
    <system-err><![CDATA[ago 05, 2025 9:19:56 P. M. org.openqa.selenium.devtools.CdpVersionFinder findNearestMatch
ADVERTENCIA: Unable to find CDP implementation matching 137
ago 05, 2025 9:19:56 P. M. org.openqa.selenium.chromium.ChromiumDriver lambda$new$5
ADVERTENCIA: Unable to find version of CDP to use for 137.0.7151.120. You may need to include a dependency on a specific version of the CDP using something similar to `org.seleniumhq.selenium:selenium-devtools-v86:4.11.0` where the version ("v86") matches the version of the chromium-based browser you're using and the version number of the artifact is the same as Selenium's.
]]></system-err>
  </testcase>
  <testcase name="Registro exitoso de préstamo" classname="Registro de préstamo" time="1.277">
    <error type="io.cucumber.junit.platform.engine.UndefinedStepException"><![CDATA[io.cucumber.junit.platform.engine.UndefinedStepException: 
The step 'que el bibliotecario está en la página de préstamo' and 2 other step(s) are undefined.
You can implement these steps using the snippet(s) below:

@Given("que el bibliotecario está en la página de préstamo")
public void que_el_bibliotecario_está_en_la_página_de_préstamo() {
    // Write code here that turns the phrase above into concrete actions
    throw new io.cucumber.java.PendingException();
}
@When("ingresa los datos del préstamo")
public void ingresa_los_datos_del_préstamo(io.cucumber.datatable.DataTable dataTable) {
    // Write code here that turns the phrase above into concrete actions
    // For automatic transformation, change DataTable to one of
    // E, List<E>, List<List<E>>, List<Map<K,V>>, Map<K,V> or
    // Map<K, List<V>>. E,K,V must be a String, Integer, Float,
    // Double, Byte, Short, Long, BigInteger or BigDecimal.
    //
    // For other transformations you can register a DataTableType.
    throw new io.cucumber.java.PendingException();
}
@Then("ve el mensaje de éxito")
public void ve_el_mensaje_de_éxito() {
    // Write code here that turns the phrase above into concrete actions
    throw new io.cucumber.java.PendingException();
}

]]></error>
    <system-out><![CDATA[
@prestamo
Scenario Outline: Registro exitoso de prÃ©stamo             &amp#27;[90m# features/prestamo.feature:3&amp#27;[0m
  &amp#27;[33mGiven &amp#27;[0m&amp#27;[33mque el bibliotecario estÃ¡ en la pÃ¡gina de prÃ©stamo&amp#27;[0m
  &amp#27;[36mWhen &amp#27;[0m&amp#27;[36mingresa los datos del prÃ©stamo&amp#27;[0m
    | socioId | isbn          | fechaPrestamo | fechaDevolucion |
    | 0001    | 9780000000000 | 2025-08-01    | 2025-08-10      |
    | 0002    | 9781111111111 | 2025-08-02    | 2025-08-12      |
  &amp#27;[36mThen &amp#27;[0m&amp#27;[36mve el mensaje de Ã©xito&amp#27;[0m
]]></system-out>
    <system-err><![CDATA[ago 05, 2025 9:19:58 P. M. org.openqa.selenium.devtools.CdpVersionFinder findNearestMatch
ADVERTENCIA: Unable to find CDP implementation matching 137
ago 05, 2025 9:19:58 P. M. org.openqa.selenium.chromium.ChromiumDriver lambda$new$5
ADVERTENCIA: Unable to find version of CDP to use for 137.0.7151.120. You may need to include a dependency on a specific version of the CDP using something similar to `org.seleniumhq.selenium:selenium-devtools-v86:4.11.0` where the version ("v86") matches the version of the chromium-based browser you're using and the version number of the artifact is the same as Selenium's.
]]></system-err>
  </testcase>
  <testcase name="Libro ya prestado" classname="Validaciones de préstamo" time="1.205">
    <error type="io.cucumber.junit.platform.engine.UndefinedStepException"><![CDATA[io.cucumber.junit.platform.engine.UndefinedStepException: 
The step 'intenta un préstamo con ISBN ya prestado' and 1 other step(s) are undefined.
You can implement these steps using the snippet(s) below:

@When("intenta un préstamo con ISBN ya prestado")
public void intenta_un_préstamo_con_isbn_ya_prestado() {
    // Write code here that turns the phrase above into concrete actions
    throw new io.cucumber.java.PendingException();
}
@Then("ve el mensaje de libro ya prestado")
public void ve_el_mensaje_de_libro_ya_prestado() {
    // Write code here that turns the phrase above into concrete actions
    throw new io.cucumber.java.PendingException();
}

]]></error>
    <system-out><![CDATA[
@reglas
Scenario: Libro ya prestado                     &amp#27;[90m# features/reglas.feature:4&amp#27;[0m
  &amp#27;[33mWhen &amp#27;[0m&amp#27;[33mintenta un prÃ©stamo con ISBN ya prestado&amp#27;[0m
  &amp#27;[36mThen &amp#27;[0m&amp#27;[36mve el mensaje de libro ya prestado&amp#27;[0m
]]></system-out>
    <system-err><![CDATA[ago 05, 2025 9:19:59 P. M. org.openqa.selenium.devtools.CdpVersionFinder findNearestMatch
ADVERTENCIA: Unable to find CDP implementation matching 137
ago 05, 2025 9:19:59 P. M. org.openqa.selenium.chromium.ChromiumDriver lambda$new$5
ADVERTENCIA: Unable to find version of CDP to use for 137.0.7151.120. You may need to include a dependency on a specific version of the CDP using something similar to `org.seleniumhq.selenium:selenium-devtools-v86:4.11.0` where the version ("v86") matches the version of the chromium-based browser you're using and the version number of the artifact is the same as Selenium's.
]]></system-err>
  </testcase>
  <testcase name="Fecha de devolución anterior" classname="Validaciones de préstamo" time="1.198">
    <error type="io.cucumber.junit.platform.engine.UndefinedStepException"><![CDATA[io.cucumber.junit.platform.engine.UndefinedStepException: 
The step 'intenta con fecha de devolución anterior' and 1 other step(s) are undefined.
You can implement these steps using the snippet(s) below:

@When("intenta con fecha de devolución anterior")
public void intenta_con_fecha_de_devolución_anterior() {
    // Write code here that turns the phrase above into concrete actions
    throw new io.cucumber.java.PendingException();
}
@Then("ve el mensaje de fecha inválida")
public void ve_el_mensaje_de_fecha_inválida() {
    // Write code here that turns the phrase above into concrete actions
    throw new io.cucumber.java.PendingException();
}

]]></error>
    <system-out><![CDATA[
@reglas
Scenario: Fecha de devoluciÃ³n anterior          &amp#27;[90m# features/reglas.feature:8&amp#27;[0m
  &amp#27;[33mWhen &amp#27;[0m&amp#27;[33mintenta con fecha de devoluciÃ³n anterior&amp#27;[0m
  &amp#27;[36mThen &amp#27;[0m&amp#27;[36mve el mensaje de fecha invÃ¡lida&amp#27;[0m
]]></system-out>
    <system-err><![CDATA[ago 05, 2025 9:20:00 P. M. org.openqa.selenium.devtools.CdpVersionFinder findNearestMatch
ADVERTENCIA: Unable to find CDP implementation matching 137
ago 05, 2025 9:20:00 P. M. org.openqa.selenium.chromium.ChromiumDriver lambda$new$5
ADVERTENCIA: Unable to find version of CDP to use for 137.0.7151.120. You may need to include a dependency on a specific version of the CDP using something similar to `org.seleniumhq.selenium:selenium-devtools-v86:4.11.0` where the version ("v86") matches the version of the chromium-based browser you're using and the version number of the artifact is the same as Selenium's.
]]></system-err>
  </testcase>
</testsuite>